build/outputs/logs/manifest-merger-debug-report.txt
-- Merging decision tree log ---
manifest
ADDED from NO3\WeatherDemo\AndroidManifest.xml:2:1-34:12
	package
		ADDED from NO3\WeatherDemo\AndroidManifest.xml:3:7-38
	android:versionName
		ADDED from NO3\WeatherDemo\AndroidManifest.xml:5:7-32
		INJECTED from NO3\WeatherDemo\AndroidManifest.xml
		INJECTED from NO3\WeatherDemo\AndroidManifest.xml
	android:versionCode
		ADDED from NO3\WeatherDemo\AndroidManifest.xml:4:7-30
		INJECTED from NO3\WeatherDemo\AndroidManifest.xml
		INJECTED from NO3\WeatherDemo\AndroidManifest.xml
	xmlns:android
		ADDED from NO3\WeatherDemo\AndroidManifest.xml:2:11-69
application
ADDED from NO3\WeatherDemo\AndroidManifest.xml:6:5-26:19
	android:label
		ADDED from NO3\WeatherDemo\AndroidManifest.xml:6:48-80
	android:icon
		ADDED from NO3\WeatherDemo\AndroidManifest.xml:6:18-47
activity#edu.hrbeu.WeatherDemo.WeatherDemo
ADDED from NO3\WeatherDemo\AndroidManifest.xml:7:9-13:20
	android:label
		ADDED from NO3\WeatherDemo\AndroidManifest.xml:8:19-51
	android:name
		ADDED from NO3\WeatherDemo\AndroidManifest.xml:7:19-46
intent-filter#android.intent.action.MAIN+android.intent.category.LAUNCHER
ADDED from NO3\WeatherDemo\AndroidManifest.xml:9:13-12:29
action#android.intent.action.MAIN
ADDED from NO3\WeatherDemo\AndroidManifest.xml:10:17-69
	android:name
		ADDED from NO3\WeatherDemo\AndroidManifest.xml:10:25-66
category#android.intent.category.LAUNCHER
ADDED from NO3\WeatherDemo\AndroidManifest.xml:11:17-77
	android:name
		ADDED from NO3\WeatherDemo\AndroidManifest.xml:11:27-74
activity#edu.hrbeu.WeatherDemo.WeatherActivity
ADDED from NO3\WeatherDemo\AndroidManifest.xml:15:9-52
	android:name
		ADDED from NO3\WeatherDemo\AndroidManifest.xml:15:19-50
activity#edu.hrbeu.WeatherDemo.HistoryActivity
ADDED from NO3\WeatherDemo\AndroidManifest.xml:16:9-52
	android:name
		ADDED from NO3\WeatherDemo\AndroidManifest.xml:16:19-50
activity#edu.hrbeu.WeatherDemo.SetupActivity
ADDED from NO3\WeatherDemo\AndroidManifest.xml:17:9-50
	android:name
		ADDED from NO3\WeatherDemo\AndroidManifest.xml:17:19-48
receiver#edu.hrbeu.WeatherDemo.Service.SmsReceiver
ADDED from NO3\WeatherDemo\AndroidManifest.xml:19:9-23:17
	android:name
		ADDED from NO3\WeatherDemo\AndroidManifest.xml:19:19-54
intent-filter#android.provider.Telephony.SMS_RECEIVED
ADDED from NO3\WeatherDemo\AndroidManifest.xml:20:9-22:25
action#android.provider.Telephony.SMS_RECEIVED
ADDED from NO3\WeatherDemo\AndroidManifest.xml:21:11-76
	android:name
		ADDED from NO3\WeatherDemo\AndroidManifest.xml:21:19-73
service#edu.hrbeu.WeatherDemo.Service.WeatherService
ADDED from NO3\WeatherDemo\AndroidManifest.xml:24:6-55
	android:name
		ADDED from NO3\WeatherDemo\AndroidManifest.xml:24:15-53
uses-permission#android.permission.INTERNET
ADDED from NO3\WeatherDemo\AndroidManifest.xml:29:2-64
	android:name
		ADDED from NO3\WeatherDemo\AndroidManifest.xml:29:19-61
uses-permission#android.permission.RECEIVE_SMS
ADDED from NO3\WeatherDemo\AndroidManifest.xml:30:4-68
	android:name
		ADDED from NO3\WeatherDemo\AndroidManifest.xml:30:21-66
uses-permission#android.permission.SEND_SMS
ADDED from NO3\WeatherDemo\AndroidManifest.xml:31:4-65
	android:name
		ADDED from NO3\WeatherDemo\AndroidManifest.xml:31:21-63
uses-sdk
ADDED from NO3\WeatherDemo\AndroidManifest.xml:33:5-44
	android:minSdkVersion
		ADDED from NO3\WeatherDemo\AndroidManifest.xml:33:15-41